<?xml version="1.0" encoding="UTF-8"?>
<Site BuildName="(empty)"
	BuildStamp="20240427-0343-Experimental"
	Name="ubuntu3401"
	Generator="ctest-3.16.3"
	CompilerName="/usr/bin/g++"
	CompilerVersion="9.4.0"
	OSName="Linux"
	Hostname="ubuntu3401"
	OSRelease="5.15.0-105-generic"
	OSVersion="#115~20.04.1-Ubuntu SMP Mon Apr 15 17:33:04 UTC 2024"
	OSPlatform="x86_64"
	Is64Bits="1"
	VendorString="GenuineIntel"
	VendorID="Intel Corporation"
	FamilyID="6"
	ModelID="142"
	ProcessorCacheSize="8192"
	NumberOfLogicalCPU="8"
	NumberOfPhysicalCPU="4"
	TotalVirtualMemory="2047"
	TotalPhysicalMemory="15849"
	LogicalProcessorsPerPhysical="2"
	ProcessorClockFrequency="2000"
	>
	<Testing>
		<StartDateTime>Apr 26 23:43 EDT</StartDateTime>
		<StartTestTime>1714189415</StartTestTime>
		<TestList/>
		<EndDateTime>Apr 26 23:43 EDT</EndDateTime>
		<EndTestTime>1714189415</EndTestTime>
		<ElapsedMinutes>0</ElapsedMinutes>
	</Testing>
</Site>
