<?xml version="1.0" encoding="UTF-8"?>
<Site BuildName="(empty)"
	BuildStamp="20240603-2104-Experimental"
	Name="ubuntu3401"
	Generator="ctest-3.16.3"
	CompilerName="/usr/bin/g++"
	CompilerVersion="9.4.0"
	OSName="Linux"
	Hostname="ubuntu3401"
	OSRelease="5.15.0-107-generic"
	OSVersion="#117~20.04.1-Ubuntu SMP Tue Apr 30 10:35:57 UTC 2024"
	OSPlatform="x86_64"
	Is64Bits="1"
	VendorString="GenuineIntel"
	VendorID="Intel Corporation"
	FamilyID="6"
	ModelID="142"
	ProcessorCacheSize="8192"
	NumberOfLogicalCPU="8"
	NumberOfPhysicalCPU="4"
	TotalVirtualMemory="2047"
	TotalPhysicalMemory="15849"
	LogicalProcessorsPerPhysical="2"
	ProcessorClockFrequency="2990.9"
	>
	<Testing>
		<StartDateTime>Jun 03 17:18 EDT</StartDateTime>
		<StartTestTime>1717449519</StartTestTime>
		<TestList/>
		<EndDateTime>Jun 03 17:18 EDT</EndDateTime>
		<EndTestTime>1717449519</EndTestTime>
		<ElapsedMinutes>0</ElapsedMinutes>
	</Testing>
</Site>
